<?xml version="1.0" encoding="UTF-8"?>
<!-- Generated by org.testng.reporters.JUnitXMLReporter -->
<testsuite ignored="0" hostname="LIN24011145" failures="1" tests="3" name="Error Validation Test" time="35.778" errors="0" timestamp="2023-09-04T11:43:37 IST">
  <testcase classname="sadiqueshaikhautomation.ErrorValidationsTest" name="LoginErrorValidations" time="0.985">
    <skipped/>
  </testcase> <!-- LoginErrorValidations -->
  <testcase classname="sadiqueshaikhautomation.ErrorValidationsTest" name="LoginErrorValidations" time="0.9">
    <failure type="java.lang.AssertionError" message="expected [Incorrect email or password.] but found [Incorrect email password.]">
      <![CDATA[java.lang.AssertionError: expected [Incorrect email or password.] but found [Incorrect email password.]
at sadiqueshaikhautomation.ErrorValidationsTest.LoginErrorValidations(ErrorValidationsTest.java:37)
at java.base/java.util.ArrayList.forEach(ArrayList.java:1511)
at java.base/java.util.concurrent.FutureTask.run(FutureTask.java:264)
at java.base/java.util.concurrent.ThreadPoolExecutor.runWorker(ThreadPoolExecutor.java:1136)
at java.base/java.util.concurrent.ThreadPoolExecutor$Worker.run(ThreadPoolExecutor.java:635)
at java.base/java.lang.Thread.run(Thread.java:833)
... Removed 23 stack frames]]>
    </failure>
  </testcase> <!-- LoginErrorValidations -->
  <testcase classname="sadiqueshaikhautomation.ErrorValidationsTest" name="ProductErrorValidations" time="14.19"/>
</testsuite> <!-- Error Validation Test -->
